mi., 15 de feb. de 2023 12:35:23: 
 tests:  0|6
total_score: 0/70
7964391
Fri 31 Mar 2023 11:22:18 AM UTC: 
 tests:  0|6
total_score: 0/70
d294ae9
Fri 31 Mar 2023 11:30:29 AM UTC: 
 arraylist.c | 11 ++++++++++-
 1 file changed, 10 insertions(+), 1 deletion(-)
In file included from test.c:5:
arraylist.c: In function ‘createList’:
arraylist.c:14:58: error: expected ‘)’ before ‘;’ token
   14 |   ArrayList *aux = (ArrayList *) malloc(sizeof(ArrayList);
      |                                        ~                 ^
      |                                                          )
arraylist.c:24:1: error: expected ‘,’ or ‘;’ before ‘}’ token
   24 | }
      | ^
test.c:411:5: error: ‘main’ is normally a non-static function [-Werror=main]
  411 | int main( int argc, char *argv[] ) {
      |     ^~~~
test.c:434:1: error: expected declaration or statement at end of input
  434 | }
      | ^
test.c:8:6: error: unused variable ‘msg’ [-Werror=unused-variable]
    8 | char msg[300];
      |      ^~~
In file included from test.c:5:
arraylist.c:14:14: error: unused variable ‘aux’ [-Werror=unused-variable]
   14 |   ArrayList *aux = (ArrayList *) malloc(sizeof(ArrayList);
      |              ^~~
test.c:435: error: control reaches end of non-void function [-Werror=return-type]
At top level:
test.c:411:5: error: ‘main’ defined but not used [-Werror=unused-function]
  411 | int main( int argc, char *argv[] ) {
      |     ^~~~
In file included from test.c:5:
arraylist.c:42:5: error: ‘get_size’ defined but not used [-Werror=unused-function]
   42 | int get_size(ArrayList * l){
      |     ^~~~~~~~
cc1: all warnings being treated as errors
Compilation failed
b377a7c
Fri 31 Mar 2023 11:30:44 AM UTC: 
 arraylist.c | 2 +-
 1 file changed, 1 insertion(+), 1 deletion(-)
 tests:  0|6
total_score: 0/70
bfdcd55
Fri 31 Mar 2023 11:33:20 AM UTC: 
 arraylist.c | 4 ++--
 1 file changed, 2 insertions(+), 2 deletions(-)
In file included from test.c:5:
arraylist.c: In function ‘createList’:
arraylist.c:16:50: error: ‘*aux.capacity’ may be used uninitialized [-Werror=maybe-uninitialized]
   16 |   aux ->data = (void *) malloc(sizeof(void) * aux->capacity);
      |                                               ~~~^~~~~~~~~~
cc1: all warnings being treated as errors
Compilation failed
9614375
Fri 31 Mar 2023 11:33:40 AM UTC: 
 arraylist.c | 2 +-
 1 file changed, 1 insertion(+), 1 deletion(-)
 tests:  1|5
total_score: 10/70
a23f235
Fri 31 Mar 2023 11:51:01 AM UTC: 
 arraylist.c | 9 +++++++++
 1 file changed, 9 insertions(+)
test.c: In function ‘append’:
test.c:411:5: error: ‘main’ is normally a non-static function [-Werror=main]
  411 | int main( int argc, char *argv[] ) {
      |     ^~~~
test.c:434:1: error: expected declaration or statement at end of input
  434 | }
      | ^
test.c:8:6: error: unused variable ‘msg’ [-Werror=unused-variable]
    8 | char msg[300];
      |      ^~~
At top level:
test.c:411:5: error: ‘main’ defined but not used [-Werror=unused-function]
  411 | int main( int argc, char *argv[] ) {
      |     ^~~~
In file included from test.c:5:
arraylist.c:48:5: error: ‘get_size’ defined but not used [-Werror=unused-function]
   48 | int get_size(ArrayList * l){
      |     ^~~~~~~~
cc1: all warnings being treated as errors
Compilation failed
c50301c
Fri 31 Mar 2023 11:52:16 AM UTC: 
 arraylist.c | 2 +-
 1 file changed, 1 insertion(+), 1 deletion(-)
In file included from test.c:5:
arraylist.c: In function ‘append’:
arraylist.c:32:32: error: expected ‘)’ before ‘l’
   32 | l-> data = realloc(sizeof(data) l->capacity*2);
      |                   ~            ^~
      |                                )
arraylist.c:32:20: error: passing argument 1 of ‘realloc’ makes pointer from integer without a cast [-Werror=int-conversion]
   32 | l-> data = realloc(sizeof(data) l->capacity*2);
      |                    ^~~~~~~~~~~~
      |                    |
      |                    long unsigned int
In file included from test.c:2:
/nix/store/4pqv2mwdn88h7xvsm7a5zplrd8sxzvw0-glibc-2.35-163-dev/include/stdlib.h:551:29: note: expected ‘void *’ but argument is of type ‘long unsigned int’
  551 | extern void *realloc (void *__ptr, size_t __size)
      |                       ~~~~~~^~~~~
In file included from test.c:5:
arraylist.c:32:12: error: too few arguments to function ‘realloc’
   32 | l-> data = realloc(sizeof(data) l->capacity*2);
      |            ^~~~~~~
In file included from test.c:2:
/nix/store/4pqv2mwdn88h7xvsm7a5zplrd8sxzvw0-glibc-2.35-163-dev/include/stdlib.h:551:14: note: declared here
  551 | extern void *realloc (void *__ptr, size_t __size)
      |              ^~~~~~~
test.c:411:5: error: ‘main’ is normally a non-static function [-Werror=main]
  411 | int main( int argc, char *argv[] ) {
      |     ^~~~
test.c:434:1: error: expected declaration or statement at end of input
  434 | }
      | ^
test.c:8:6: error: unused variable ‘msg’ [-Werror=unused-variable]
    8 | char msg[300];
      |      ^~~
At top level:
test.c:411:5: error: ‘main’ defined but not used [-Werror=unused-function]
  411 | int main( int argc, char *argv[] ) {
      |     ^~~~
In file included from test.c:5:
arraylist.c:48:5: error: ‘get_size’ defined but not used [-Werror=unused-function]
   48 | int get_size(ArrayList * l){
      |     ^~~~~~~~
cc1: all warnings being treated as errors
Compilation failed
baec80d
Fri 31 Mar 2023 11:53:57 AM UTC: 
 arraylist.c | 7 +++----
 1 file changed, 3 insertions(+), 4 deletions(-)
In file included from test.c:5:
arraylist.c: In function ‘append’:
arraylist.c:27:4: error: statement with no effect [-Werror=unused-value]
   27 |   l->data
      |   ~^~~~~~
arraylist.c:27:10: error: expected ‘;’ before ‘}’ token
   27 |   l->data
      |          ^
      |          ;
   28 | 
   29 | }
      | ~         
test.c:411:5: error: ‘main’ is normally a non-static function [-Werror=main]
  411 | int main( int argc, char *argv[] ) {
      |     ^~~~
test.c:434:1: error: expected declaration or statement at end of input
  434 | }
      | ^
test.c:8:6: error: unused variable ‘msg’ [-Werror=unused-variable]
    8 | char msg[300];
      |      ^~~
At top level:
test.c:411:5: error: ‘main’ defined but not used [-Werror=unused-function]
  411 | int main( int argc, char *argv[] ) {
      |     ^~~~
In file included from test.c:5:
arraylist.c:47:5: error: ‘get_size’ defined but not used [-Werror=unused-function]
   47 | int get_size(ArrayList * l){
      |     ^~~~~~~~
cc1: all warnings being treated as errors
Compilation failed
0e83617
Fri 31 Mar 2023 11:55:59 AM UTC: 
 arraylist.c | 3 ++-
 1 file changed, 2 insertions(+), 1 deletion(-)
test.c: In function ‘append’:
test.c:411:5: error: ‘main’ is normally a non-static function [-Werror=main]
  411 | int main( int argc, char *argv[] ) {
      |     ^~~~
test.c:434:1: error: expected declaration or statement at end of input
  434 | }
      | ^
test.c:8:6: error: unused variable ‘msg’ [-Werror=unused-variable]
    8 | char msg[300];
      |      ^~~
At top level:
test.c:411:5: error: ‘main’ defined but not used [-Werror=unused-function]
  411 | int main( int argc, char *argv[] ) {
      |     ^~~~
In file included from test.c:5:
arraylist.c:48:5: error: ‘get_size’ defined but not used [-Werror=unused-function]
   48 | int get_size(ArrayList * l){
      |     ^~~~~~~~
cc1: all warnings being treated as errors
Compilation failed
ef2a127
Fri 31 Mar 2023 11:58:56 AM UTC: 
 arraylist.c | 2 +-
 1 file changed, 1 insertion(+), 1 deletion(-)
test.c: In function ‘append’:
test.c:411:5: error: ‘main’ is normally a non-static function [-Werror=main]
  411 | int main( int argc, char *argv[] ) {
      |     ^~~~
test.c:434:1: error: expected declaration or statement at end of input
  434 | }
      | ^
test.c:8:6: error: unused variable ‘msg’ [-Werror=unused-variable]
    8 | char msg[300];
      |      ^~~
At top level:
test.c:411:5: error: ‘main’ defined but not used [-Werror=unused-function]
  411 | int main( int argc, char *argv[] ) {
      |     ^~~~
In file included from test.c:5:
arraylist.c:47:5: error: ‘get_size’ defined but not used [-Werror=unused-function]
   47 | int get_size(ArrayList * l){
      |     ^~~~~~~~
cc1: all warnings being treated as errors
Compilation failed
ba4c38a
Fri 31 Mar 2023 11:59:03 AM UTC: 
 arraylist.c | 2 +-
 1 file changed, 1 insertion(+), 1 deletion(-)
test.c: In function ‘append’:
test.c:411:5: error: ‘main’ is normally a non-static function [-Werror=main]
  411 | int main( int argc, char *argv[] ) {
      |     ^~~~
test.c:434:1: error: expected declaration or statement at end of input
  434 | }
      | ^
test.c:8:6: error: unused variable ‘msg’ [-Werror=unused-variable]
    8 | char msg[300];
      |      ^~~
At top level:
test.c:411:5: error: ‘main’ defined but not used [-Werror=unused-function]
  411 | int main( int argc, char *argv[] ) {
      |     ^~~~
In file included from test.c:5:
arraylist.c:47:5: error: ‘get_size’ defined but not used [-Werror=unused-function]
   47 | int get_size(ArrayList * l){
      |     ^~~~~~~~
cc1: all warnings being treated as errors
Compilation failed
7dd0055
Fri 31 Mar 2023 12:05:27 PM UTC: 
 arraylist.c | 2 +-
 1 file changed, 1 insertion(+), 1 deletion(-)
test.c: In function ‘append’:
test.c:411:5: error: ‘main’ is normally a non-static function [-Werror=main]
  411 | int main( int argc, char *argv[] ) {
      |     ^~~~
test.c:434:1: error: expected declaration or statement at end of input
  434 | }
      | ^
test.c:8:6: error: unused variable ‘msg’ [-Werror=unused-variable]
    8 | char msg[300];
      |      ^~~
At top level:
test.c:411:5: error: ‘main’ defined but not used [-Werror=unused-function]
  411 | int main( int argc, char *argv[] ) {
      |     ^~~~
In file included from test.c:5:
arraylist.c:47:5: error: ‘get_size’ defined but not used [-Werror=unused-function]
   47 | int get_size(ArrayList * l){
      |     ^~~~~~~~
cc1: all warnings being treated as errors
Compilation failed
d51bd04
Fri 31 Mar 2023 12:05:40 PM UTC: 
 arraylist.c | 2 +-
 1 file changed, 1 insertion(+), 1 deletion(-)
In file included from test.c:5:
arraylist.c: In function ‘append’:
arraylist.c:31:14: error: statement with no effect [-Werror=unused-value]
   31 | else(l->size == l->capacity){
      |     ~~~~~~~~~^~~~~~~~~~~~~~~
arraylist.c:31:29: error: expected ‘;’ before ‘{’ token
   31 | else(l->size == l->capacity){
      |                             ^
      |                             ;
test.c:411:5: error: ‘main’ is normally a non-static function [-Werror=main]
  411 | int main( int argc, char *argv[] ) {
      |     ^~~~
test.c:434:1: error: expected declaration or statement at end of input
  434 | }
      | ^
At top level:
test.c:411:5: error: ‘main’ defined but not used [-Werror=unused-function]
  411 | int main( int argc, char *argv[] ) {
      |     ^~~~
cc1: all warnings being treated as errors
Compilation failed
cb019ef
Fri 31 Mar 2023 12:05:48 PM UTC: 
 arraylist.c | 4 ++--
 1 file changed, 2 insertions(+), 2 deletions(-)
In file included from test.c:5:
arraylist.c: In function ‘append’:
arraylist.c:31:14: error: statement with no effect [-Werror=unused-value]
   31 | else(l->size == l->capacity)
      |     ~~~~~~~~~^~~~~~~~~~~~~~~
arraylist.c:31:29: error: expected ‘;’ before ‘l’
   31 | else(l->size == l->capacity)
      |                             ^
      |                             ;
   32 | l-> data = realloc(data, l->capacity*2);
      | ~                            
test.c:411:5: error: ‘main’ is normally a non-static function [-Werror=main]
  411 | int main( int argc, char *argv[] ) {
      |     ^~~~
test.c:434:1: error: expected declaration or statement at end of input
  434 | }
      | ^
test.c:8:6: error: unused variable ‘msg’ [-Werror=unused-variable]
    8 | char msg[300];
      |      ^~~
At top level:
test.c:411:5: error: ‘main’ defined but not used [-Werror=unused-function]
  411 | int main( int argc, char *argv[] ) {
      |     ^~~~
In file included from test.c:5:
arraylist.c:47:5: error: ‘get_size’ defined but not used [-Werror=unused-function]
   47 | int get_size(ArrayList * l){
      |     ^~~~~~~~
cc1: all warnings being treated as errors
Compilation failed
a632a5e
Fri 31 Mar 2023 12:06:06 PM UTC: 
 arraylist.c | 4 ++--
 1 file changed, 2 insertions(+), 2 deletions(-)
test.c: In function ‘append’:
test.c:411:5: error: ‘main’ is normally a non-static function [-Werror=main]
  411 | int main( int argc, char *argv[] ) {
      |     ^~~~
test.c:434:1: error: expected declaration or statement at end of input
  434 | }
      | ^
test.c:8:6: error: unused variable ‘msg’ [-Werror=unused-variable]
    8 | char msg[300];
      |      ^~~
At top level:
test.c:411:5: error: ‘main’ defined but not used [-Werror=unused-function]
  411 | int main( int argc, char *argv[] ) {
      |     ^~~~
In file included from test.c:5:
arraylist.c:47:5: error: ‘get_size’ defined but not used [-Werror=unused-function]
   47 | int get_size(ArrayList * l){
      |     ^~~~~~~~
cc1: all warnings being treated as errors
Compilation failed
31da24d
Fri 31 Mar 2023 12:06:54 PM UTC: 
 arraylist.c | 9 ++++-----
 1 file changed, 4 insertions(+), 5 deletions(-)
 tests:  2|5
total_score: 15/70
cfeaaa9
Fri 31 Mar 2023 12:07:46 PM UTC: 
 arraylist.c | 1 +
 1 file changed, 1 insertion(+)
 tests:  0|0
937337e
Fri 31 Mar 2023 12:09:15 PM UTC: 
 arraylist.c | 2 +-
 1 file changed, 1 insertion(+), 1 deletion(-)
 tests:  3|4
total_score: 20/70
43a0f86
Fri 31 Mar 2023 12:14:54 PM UTC: 
 arraylist.c | 10 +++++++++-
 1 file changed, 9 insertions(+), 1 deletion(-)
 tests:  3|4
total_score: 20/70
1292d7a
Fri 31 Mar 2023 12:17:38 PM UTC: 
 arraylist.c | 2 +-
 1 file changed, 1 insertion(+), 1 deletion(-)
In file included from test.c:5:
arraylist.c: In function ‘get’:
arraylist.c:57:1: error: control reaches end of non-void function [-Werror=return-type]
   57 | }
      | ^
cc1: all warnings being treated as errors
Compilation failed
fb93c1d
Fri 31 Mar 2023 12:22:00 PM UTC: 
 arraylist.c | 8 +++++++-
 1 file changed, 7 insertions(+), 1 deletion(-)
 tests:  3|4
total_score: 20/70
e8a44a5
Fri 31 Mar 2023 12:26:17 PM UTC: 
 arraylist.c | 2 +-
 1 file changed, 1 insertion(+), 1 deletion(-)
 tests:  3|4
total_score: 20/70
e13c450
Fri 31 Mar 2023 12:26:46 PM UTC: 
 arraylist.c | 2 +-
 1 file changed, 1 insertion(+), 1 deletion(-)
 tests:  3|4
total_score: 20/70
4411379
Fri 31 Mar 2023 12:27:27 PM UTC: 
 arraylist.c | 4 ++--
 1 file changed, 2 insertions(+), 2 deletions(-)
 tests:  3|4
total_score: 20/70
801603a
Fri 31 Mar 2023 12:27:46 PM UTC: 
 arraylist.c | 2 +-
 1 file changed, 1 insertion(+), 1 deletion(-)
 tests:  3|4
total_score: 20/70
7215b9f
Fri 31 Mar 2023 12:29:09 PM UTC: 
 arraylist.c | 2 +-
 1 file changed, 1 insertion(+), 1 deletion(-)
 tests:  3|4
total_score: 20/70
eb7b6d6
Fri 31 Mar 2023 12:29:53 PM UTC: 
 arraylist.c | 1 +
 1 file changed, 1 insertion(+)
 tests:  3|4
total_score: 20/70
31d9202
Fri 31 Mar 2023 12:31:33 PM UTC: 
 arraylist.c | 3 +++
 1 file changed, 3 insertions(+)
In file included from test.c:5:
arraylist.c: In function ‘push’:
arraylist.c:44:16: error: statement with no effect [-Werror=unused-value]
   44 |     l->data[i] == data;
      |     ~~~~~~~~~~~^~~~~~~
cc1: all warnings being treated as errors
Compilation failed
fd3b8dd
Fri 31 Mar 2023 12:31:41 PM UTC: 
 arraylist.c | 2 +-
 1 file changed, 1 insertion(+), 1 deletion(-)
 tests:  3|4
total_score: 20/70
34f41f9
Fri 31 Mar 2023 12:33:31 PM UTC: 
 arraylist.c | 2 +-
 1 file changed, 1 insertion(+), 1 deletion(-)
 tests:  3|4
total_score: 20/70
250f8e3
Fri 31 Mar 2023 12:33:38 PM UTC: 
 arraylist.c | 2 +-
 1 file changed, 1 insertion(+), 1 deletion(-)
 tests:  3|4
total_score: 20/70
ef03e62
Fri 31 Mar 2023 12:34:45 PM UTC: 
 arraylist.c | 2 +-
 1 file changed, 1 insertion(+), 1 deletion(-)
 tests:  3|4
total_score: 20/70
0bfe28c
Fri 31 Mar 2023 12:35:51 PM UTC: 
 arraylist.c | 3 ++-
 1 file changed, 2 insertions(+), 1 deletion(-)
In file included from test.c:5:
arraylist.c:52:1: error: expected identifier or ‘(’ before ‘}’ token
   52 | }
      | ^
Compilation failed
e264cfe
Fri 31 Mar 2023 12:36:13 PM UTC: 
 arraylist.c | 2 +-
 1 file changed, 1 insertion(+), 1 deletion(-)
In file included from test.c:5:
arraylist.c:50:4: error: expected identifier or ‘(’ before ‘}’ token
   50 |   }}
      |    ^
arraylist.c:52:1: error: expected identifier or ‘(’ before ‘}’ token
   52 | }
      | ^
Compilation failed
abd5262
Fri 31 Mar 2023 12:36:27 PM UTC: 
 arraylist.c | 2 +-
 1 file changed, 1 insertion(+), 1 deletion(-)
 tests:  5|3
total_score: 30/70
9df81a1
Fri 31 Mar 2023 03:49:17 PM UTC: 
 arraylist.c | 9 +++++++--
 1 file changed, 7 insertions(+), 2 deletions(-)
 tests:  5|3
total_score: 30/70
a36096b
Fri 31 Mar 2023 03:57:25 PM UTC: 
 arraylist.c | 5 +++++
 1 file changed, 5 insertions(+)
 tests:  5|3
total_score: 30/70
bf6d3ad
Fri 31 Mar 2023 03:58:42 PM UTC: 
 arraylist.c | 8 +++++---
 1 file changed, 5 insertions(+), 3 deletions(-)
In file included from test.c:5:
arraylist.c: In function ‘pop’:
arraylist.c:55:30: error: expected ‘;’ before ‘}’ token
   55 |       l->data[z]=l->data[z-1]
      |                              ^
      |                              ;
   56 | 
   57 |     }
      |     ~                         
arraylist.c:64:1: error: control reaches end of non-void function [-Werror=return-type]
   64 | }
      | ^
cc1: all warnings being treated as errors
Compilation failed
2b94dd1
Fri 31 Mar 2023 03:59:16 PM UTC: 
 arraylist.c | 2 +-
 1 file changed, 1 insertion(+), 1 deletion(-)
In file included from test.c:5:
arraylist.c: In function ‘pop’:
arraylist.c:64:1: error: control reaches end of non-void function [-Werror=return-type]
   64 | }
      | ^
cc1: all warnings being treated as errors
Compilation failed
49011d8
Fri 31 Mar 2023 03:59:36 PM UTC: 
 arraylist.c | 2 +-
 1 file changed, 1 insertion(+), 1 deletion(-)
 tests:  0|0
cfa9cff
Fri 31 Mar 2023 03:59:55 PM UTC: 
 arraylist.c | 2 +-
 1 file changed, 1 insertion(+), 1 deletion(-)
In file included from test.c:5:
arraylist.c: In function ‘pop’:
arraylist.c:64:1: error: control reaches end of non-void function [-Werror=return-type]
   64 | }
      | ^
cc1: all warnings being treated as errors
Compilation failed
bc86674
Fri 31 Mar 2023 04:00:02 PM UTC: 
 arraylist.c | 2 +-
 1 file changed, 1 insertion(+), 1 deletion(-)
In file included from test.c:5:
arraylist.c: In function ‘pop’:
arraylist.c:64:1: error: control reaches end of non-void function [-Werror=return-type]
   64 | }
      | ^
cc1: all warnings being treated as errors
Compilation failed
d33a269
Fri 31 Mar 2023 04:00:28 PM UTC: 
 arraylist.c | 6 ++----
 1 file changed, 2 insertions(+), 4 deletions(-)
In file included from test.c:5:
arraylist.c: In function ‘pop’:
arraylist.c:62:1: error: control reaches end of non-void function [-Werror=return-type]
   62 | }
      | ^
cc1: all warnings being treated as errors
Compilation failed
b5c101a
Fri 31 Mar 2023 04:00:38 PM UTC: 
 arraylist.c | 2 +-
 1 file changed, 1 insertion(+), 1 deletion(-)
 tests:  5|3
total_score: 30/70
3e7807d
Fri 31 Mar 2023 04:01:00 PM UTC: 
 arraylist.c | 2 +-
 1 file changed, 1 insertion(+), 1 deletion(-)
In file included from test.c:5:
arraylist.c: In function ‘get’:
arraylist.c:74:1: error: control reaches end of non-void function [-Werror=return-type]
   74 | }
      | ^
cc1: all warnings being treated as errors
Compilation failed
55d243c
Fri 31 Mar 2023 04:01:50 PM UTC: 
 arraylist.c | 3 ++-
 1 file changed, 2 insertions(+), 1 deletion(-)
 tests:  0|0
382975a
Fri 31 Mar 2023 04:04:02 PM UTC: 
 arraylist.c | 2 +-
 1 file changed, 1 insertion(+), 1 deletion(-)
 tests:  0|0
bd10d21
Fri 31 Mar 2023 04:04:48 PM UTC: 
 arraylist.c | 4 ++--
 1 file changed, 2 insertions(+), 2 deletions(-)
 tests:  0|0
a9bf146
Fri 31 Mar 2023 04:09:37 PM UTC: 
 arraylist.c | 7 +++----
 1 file changed, 3 insertions(+), 4 deletions(-)
 tests:  0|0
1db1d24
Fri 31 Mar 2023 04:17:47 PM UTC: 
 arraylist.c | 1 +
 1 file changed, 1 insertion(+)
 tests:  0|0
aa69d08
Fri 31 Mar 2023 04:18:07 PM UTC: 
 arraylist.c | 2 +-
 1 file changed, 1 insertion(+), 1 deletion(-)
In file included from test.c:5:
arraylist.c: In function ‘get’:
arraylist.c:76:1: error: control reaches end of non-void function [-Werror=return-type]
   76 | }
      | ^
cc1: all warnings being treated as errors
Compilation failed
4bcd69b
Fri 31 Mar 2023 04:18:20 PM UTC: 
 arraylist.c | 4 ++--
 1 file changed, 2 insertions(+), 2 deletions(-)
In file included from test.c:5:
arraylist.c: In function ‘get’:
arraylist.c:74:4: error: expected expression before ‘return’
   74 |   (return l->data[i];
      |    ^~~~~~
arraylist.c:74:22: error: expected ‘;’ before ‘}’ token
   74 |   (return l->data[i];
      |                      ^
      |                      ;
   75 | 
   76 | }
      | ~                     
arraylist.c:76:1: error: control reaches end of non-void function [-Werror=return-type]
   76 | }
      | ^
cc1: all warnings being treated as errors
Compilation failed
1c487ff
Fri 31 Mar 2023 04:18:27 PM UTC: 
 arraylist.c | 2 +-
 1 file changed, 1 insertion(+), 1 deletion(-)
 tests:  0|0
3da28f4
Fri 31 Mar 2023 07:32:47 PM UTC: 
 arraylist.c | 8 ++++----
 1 file changed, 4 insertions(+), 4 deletions(-)
In file included from test.c:5:
arraylist.c: In function ‘get’:
arraylist.c:76:1: error: control reaches end of non-void function [-Werror=return-type]
   76 | }
      | ^
cc1: all warnings being treated as errors
Compilation failed
9de2958
Fri 31 Mar 2023 07:33:12 PM UTC: 
 arraylist.c | 8 +++++---
 1 file changed, 5 insertions(+), 3 deletions(-)
 tests:  6|3
total_score: 30/70
0fc43de
Fri 31 Mar 2023 07:36:16 PM UTC: 
 arraylist.c | 4 ++--
 1 file changed, 2 insertions(+), 2 deletions(-)
In file included from test.c:5:
arraylist.c: In function ‘get’:
arraylist.c:78:1: error: control reaches end of non-void function [-Werror=return-type]
   78 | }
      | ^
cc1: all warnings being treated as errors
Compilation failed
8a5fcfc
Fri 31 Mar 2023 07:37:56 PM UTC: 
 arraylist.c | 12 +++++++++---
 1 file changed, 9 insertions(+), 3 deletions(-)
In file included from test.c:5:
arraylist.c: In function ‘get’:
arraylist.c:84:1: error: control reaches end of non-void function [-Werror=return-type]
   84 | }
      | ^
cc1: all warnings being treated as errors
Compilation failed
1acd276
Fri 31 Mar 2023 07:38:40 PM UTC: 
 arraylist.c | 9 ++-------
 1 file changed, 2 insertions(+), 7 deletions(-)
test.c: In function ‘get’:
test.c:411:5: error: ‘main’ is normally a non-static function [-Werror=main]
  411 | int main( int argc, char *argv[] ) {
      |     ^~~~
test.c:434:1: error: expected declaration or statement at end of input
  434 | }
      | ^
test.c:8:6: error: unused variable ‘msg’ [-Werror=unused-variable]
    8 | char msg[300];
      |      ^~~
test.c:435: error: control reaches end of non-void function [-Werror=return-type]
At top level:
test.c:411:5: error: ‘main’ defined but not used [-Werror=unused-function]
  411 | int main( int argc, char *argv[] ) {
      |     ^~~~
In file included from test.c:5:
arraylist.c:81:5: error: ‘get_size’ defined but not used [-Werror=unused-function]
   81 | int get_size(ArrayList * l){
      |     ^~~~~~~~
cc1: all warnings being treated as errors
Compilation failed
f26796e
Fri 31 Mar 2023 07:39:27 PM UTC: 
 arraylist.c | 8 ++++----
 1 file changed, 4 insertions(+), 4 deletions(-)
test.c: In function ‘get’:
test.c:411:5: error: ‘main’ is normally a non-static function [-Werror=main]
  411 | int main( int argc, char *argv[] ) {
      |     ^~~~
test.c:434:1: error: expected declaration or statement at end of input
  434 | }
      | ^
test.c:8:6: error: unused variable ‘msg’ [-Werror=unused-variable]
    8 | char msg[300];
      |      ^~~
test.c:434:1: error: expected declaration or statement at end of input
  434 | }
      | ^
test.c:435: error: control reaches end of non-void function [-Werror=return-type]
At top level:
test.c:411:5: error: ‘main’ defined but not used [-Werror=unused-function]
  411 | int main( int argc, char *argv[] ) {
      |     ^~~~
In file included from test.c:5:
arraylist.c:81:5: error: ‘get_size’ defined but not used [-Werror=unused-function]
   81 | int get_size(ArrayList * l){
      |     ^~~~~~~~
cc1: all warnings being treated as errors
Compilation failed
b9c6cb0
Fri 31 Mar 2023 07:40:49 PM UTC: 
 arraylist.c | 4 ++--
 1 file changed, 2 insertions(+), 2 deletions(-)
test.c: In function ‘get’:
test.c:411:5: error: ‘main’ is normally a non-static function [-Werror=main]
  411 | int main( int argc, char *argv[] ) {
      |     ^~~~
test.c:434:1: error: expected declaration or statement at end of input
  434 | }
      | ^
test.c:8:6: error: unused variable ‘msg’ [-Werror=unused-variable]
    8 | char msg[300];
      |      ^~~
test.c:434:1: error: expected declaration or statement at end of input
  434 | }
      | ^
test.c:435: error: control reaches end of non-void function [-Werror=return-type]
At top level:
test.c:411:5: error: ‘main’ defined but not used [-Werror=unused-function]
  411 | int main( int argc, char *argv[] ) {
      |     ^~~~
In file included from test.c:5:
arraylist.c:81:5: error: ‘get_size’ defined but not used [-Werror=unused-function]
   81 | int get_size(ArrayList * l){
      |     ^~~~~~~~
cc1: all warnings being treated as errors
Compilation failed
129c6d9
Fri 31 Mar 2023 07:41:13 PM UTC: 
 arraylist.c | 4 ++--
 1 file changed, 2 insertions(+), 2 deletions(-)
test.c: In function ‘get’:
test.c:411:5: error: ‘main’ is normally a non-static function [-Werror=main]
  411 | int main( int argc, char *argv[] ) {
      |     ^~~~
test.c:434:1: error: expected declaration or statement at end of input
  434 | }
      | ^
test.c:8:6: error: unused variable ‘msg’ [-Werror=unused-variable]
    8 | char msg[300];
      |      ^~~
test.c:435: error: control reaches end of non-void function [-Werror=return-type]
At top level:
test.c:411:5: error: ‘main’ defined but not used [-Werror=unused-function]
  411 | int main( int argc, char *argv[] ) {
      |     ^~~~
In file included from test.c:5:
arraylist.c:81:5: error: ‘get_size’ defined but not used [-Werror=unused-function]
   81 | int get_size(ArrayList * l){
      |     ^~~~~~~~
cc1: all warnings being treated as errors
Compilation failed
4a9d306
Fri 31 Mar 2023 07:41:26 PM UTC: 
 arraylist.c | 2 +-
 1 file changed, 1 insertion(+), 1 deletion(-)
 tests:  6|3
total_score: 30/70
0e13d39
Fri 31 Mar 2023 07:41:42 PM UTC: 
 arraylist.c | 2 +-
 1 file changed, 1 insertion(+), 1 deletion(-)
 tests:  5|3
total_score: 30/70
8ab632a
Fri 31 Mar 2023 07:42:17 PM UTC: 
 arraylist.c | 2 +-
 1 file changed, 1 insertion(+), 1 deletion(-)
 tests:  6|3
total_score: 30/70
dd212c7
Fri 31 Mar 2023 07:42:49 PM UTC: 
 arraylist.c | 2 +-
 1 file changed, 1 insertion(+), 1 deletion(-)
 tests:  5|3
total_score: 30/70
204eb0b
Fri 31 Mar 2023 07:43:05 PM UTC: 
 arraylist.c | 2 +-
 1 file changed, 1 insertion(+), 1 deletion(-)
 tests:  6|3
total_score: 30/70
e7d9039
Fri 31 Mar 2023 07:44:11 PM UTC: 
 arraylist.c | 7 +++----
 1 file changed, 3 insertions(+), 4 deletions(-)
test.c: In function ‘get’:
test.c:411:5: error: ‘main’ is normally a non-static function [-Werror=main]
  411 | int main( int argc, char *argv[] ) {
      |     ^~~~
test.c:434:1: error: expected declaration or statement at end of input
  434 | }
      | ^
test.c:8:6: error: unused variable ‘msg’ [-Werror=unused-variable]
    8 | char msg[300];
      |      ^~~
test.c:435: error: control reaches end of non-void function [-Werror=return-type]
At top level:
test.c:411:5: error: ‘main’ defined but not used [-Werror=unused-function]
  411 | int main( int argc, char *argv[] ) {
      |     ^~~~
In file included from test.c:5:
arraylist.c:80:5: error: ‘get_size’ defined but not used [-Werror=unused-function]
   80 | int get_size(ArrayList * l){
      |     ^~~~~~~~
cc1: all warnings being treated as errors
Compilation failed
9e42b98
Fri 31 Mar 2023 07:44:18 PM UTC: 
 arraylist.c | 2 +-
 1 file changed, 1 insertion(+), 1 deletion(-)
test.c: In function ‘get’:
test.c:411:5: error: ‘main’ is normally a non-static function [-Werror=main]
  411 | int main( int argc, char *argv[] ) {
      |     ^~~~
test.c:434:1: error: expected declaration or statement at end of input
  434 | }
      | ^
test.c:8:6: error: unused variable ‘msg’ [-Werror=unused-variable]
    8 | char msg[300];
      |      ^~~
test.c:435: error: control reaches end of non-void function [-Werror=return-type]
At top level:
test.c:411:5: error: ‘main’ defined but not used [-Werror=unused-function]
  411 | int main( int argc, char *argv[] ) {
      |     ^~~~
In file included from test.c:5:
arraylist.c:80:5: error: ‘get_size’ defined but not used [-Werror=unused-function]
   80 | int get_size(ArrayList * l){
      |     ^~~~~~~~
cc1: all warnings being treated as errors
Compilation failed
3de91b0
Fri 31 Mar 2023 07:44:26 PM UTC: 
 arraylist.c | 2 +-
 1 file changed, 1 insertion(+), 1 deletion(-)
test.c: In function ‘get’:
test.c:411:5: error: ‘main’ is normally a non-static function [-Werror=main]
  411 | int main( int argc, char *argv[] ) {
      |     ^~~~
test.c:434:1: error: expected declaration or statement at end of input
  434 | }
      | ^
test.c:8:6: error: unused variable ‘msg’ [-Werror=unused-variable]
    8 | char msg[300];
      |      ^~~
test.c:435: error: control reaches end of non-void function [-Werror=return-type]
At top level:
test.c:411:5: error: ‘main’ defined but not used [-Werror=unused-function]
  411 | int main( int argc, char *argv[] ) {
      |     ^~~~
In file included from test.c:5:
arraylist.c:80:5: error: ‘get_size’ defined but not used [-Werror=unused-function]
   80 | int get_size(ArrayList * l){
      |     ^~~~~~~~
cc1: all warnings being treated as errors
Compilation failed
3af27d0
Fri 31 Mar 2023 07:46:56 PM UTC: 
 arraylist.c | 6 +++---
 1 file changed, 3 insertions(+), 3 deletions(-)
In file included from test.c:5:
arraylist.c: In function ‘get’:
arraylist.c:78:1: error: control reaches end of non-void function [-Werror=return-type]
   78 | }
      | ^
cc1: all warnings being treated as errors
Compilation failed
c0fb303
Fri 31 Mar 2023 07:47:28 PM UTC: 
 arraylist.c | 3 +--
 1 file changed, 1 insertion(+), 2 deletions(-)
In file included from test.c:5:
arraylist.c: In function ‘get’:
arraylist.c:76:1: error: control reaches end of non-void function [-Werror=return-type]
   76 | }
      | ^
cc1: all warnings being treated as errors
Compilation failed
640a516
Fri 31 Mar 2023 07:48:20 PM UTC: 
 arraylist.c | 2 +-
 1 file changed, 1 insertion(+), 1 deletion(-)
 tests:  5|3
total_score: 30/70
11e797c
Fri 31 Mar 2023 07:48:43 PM UTC: 
 arraylist.c | 6 +++---
 1 file changed, 3 insertions(+), 3 deletions(-)
 tests:  6|3
total_score: 30/70
07b7952
Fri 31 Mar 2023 07:50:52 PM UTC: 
 arraylist.c | 5 +++--
 1 file changed, 3 insertions(+), 2 deletions(-)
In file included from test.c:5:
arraylist.c: In function ‘get’:
arraylist.c:67:14: error: ‘list’ undeclared (first use in this function)
   67 |   if(i<0)i = list->size+i;
      |              ^~~~
arraylist.c:67:14: note: each undeclared identifier is reported only once for each function it appears in
Compilation failed
f01af95
Fri 31 Mar 2023 07:51:00 PM UTC: 
 arraylist.c | 2 +-
 1 file changed, 1 insertion(+), 1 deletion(-)
 tests:  8|2
total_score: 40/70
3b11989
Sat 01 Apr 2023 12:16:21 PM UTC: 
 arraylist.c | 4 ++--
 1 file changed, 2 insertions(+), 2 deletions(-)
 tests:  5|3
total_score: 30/70
02ca59d
Sat 01 Apr 2023 12:17:12 PM UTC: 
 arraylist.c | 5 +++--
 1 file changed, 3 insertions(+), 2 deletions(-)
 tests:  8|2
total_score: 40/70
e2dcd7b
Sat 01 Apr 2023 12:19:59 PM UTC: 
 arraylist.c | 16 +++++++++-------
 1 file changed, 9 insertions(+), 7 deletions(-)
In file included from test.c:5:
arraylist.c: In function ‘pop’:
arraylist.c:62:3: error: ‘aux’ undeclared (first use in this function)
   62 |   aux = l->data[l->size-1];
      |   ^~~
arraylist.c:62:3: note: each undeclared identifier is reported only once for each function it appears in
arraylist.c:66:1: error: control reaches end of non-void function [-Werror=return-type]
   66 | }
      | ^
cc1: all warnings being treated as errors
Compilation failed
0cffe6f
Sat 01 Apr 2023 12:20:27 PM UTC: 
 arraylist.c | 2 +-
 1 file changed, 1 insertion(+), 1 deletion(-)
In file included from test.c:5:
arraylist.c: In function ‘pop’:
arraylist.c:62:7: error: assignment to ‘int’ from ‘void *’ makes integer from pointer without a cast [-Werror=int-conversion]
   62 |   aux = l->data[l->size-1];
      |       ^
arraylist.c:64:10: error: returning ‘int’ from a function with return type ‘void *’ makes pointer from integer without a cast [-Werror=int-conversion]
   64 |   return aux;
      |          ^~~
cc1: all warnings being treated as errors
Compilation failed
62358d3
Sat 01 Apr 2023 12:20:37 PM UTC: 
 arraylist.c | 2 +-
 1 file changed, 1 insertion(+), 1 deletion(-)
In file included from test.c:5:
arraylist.c: In function ‘pop’:
arraylist.c:53:6: error: variable or field ‘aux’ declared void
   53 | void aux;
      |      ^~~
arraylist.c:62:7: error: assignment to ‘int’ from ‘void *’ makes integer from pointer without a cast [-Werror=int-conversion]
   62 |   aux = l->data[l->size-1];
      |       ^
arraylist.c:64:10: error: returning ‘int’ from a function with return type ‘void *’ makes pointer from integer without a cast [-Werror=int-conversion]
   64 |   return aux;
      |          ^~~
cc1: all warnings being treated as errors
Compilation failed
1ade377
Sat 01 Apr 2023 12:22:22 PM UTC: 
 arraylist.c | 2 +-
 1 file changed, 1 insertion(+), 1 deletion(-)
In file included from test.c:5:
arraylist.c: In function ‘pop’:
arraylist.c:53:8: error: variable or field ‘aux’ declared void
   53 |   void aux;
      |        ^~~
arraylist.c:62:7: error: assignment to ‘int’ from ‘void *’ makes integer from pointer without a cast [-Werror=int-conversion]
   62 |   aux = l->data[l->size-1];
      |       ^
arraylist.c:65:10: error: returning ‘int’ from a function with return type ‘void *’ makes pointer from integer without a cast [-Werror=int-conversion]
   65 |   return aux;
      |          ^~~
cc1: all warnings being treated as errors
Compilation failed
f73a3d8
Sat 01 Apr 2023 12:22:56 PM UTC: 
 arraylist.c | 4 ++--
 1 file changed, 2 insertions(+), 2 deletions(-)
In file included from test.c:5:
arraylist.c: In function ‘pop’:
arraylist.c:53:8: error: variable or field ‘aux’ declared void
   53 |   void aux;
      |        ^~~
arraylist.c:62:7: error: assignment to ‘int’ from ‘void *’ makes integer from pointer without a cast [-Werror=int-conversion]
   62 |   aux = l->data[l->size-1];
      |       ^
arraylist.c:65:10: error: returning ‘int’ from a function with return type ‘void *’ makes pointer from integer without a cast [-Werror=int-conversion]
   65 |   return aux;
      |          ^~~
cc1: all warnings being treated as errors
Compilation failed
14127a5
Sat 01 Apr 2023 12:23:46 PM UTC: 
 arraylist.c | 12 ++++++------
 1 file changed, 6 insertions(+), 6 deletions(-)
 tests:  8|2
total_score: 40/70
fe9c2b3
Sat 01 Apr 2023 12:29:12 PM UTC: 
 arraylist.c | 5 ++++-
 1 file changed, 4 insertions(+), 1 deletion(-)
 tests:  8|2
total_score: 40/70
5d3f53e
Sat 01 Apr 2023 12:29:31 PM UTC: 
 arraylist.c | 2 +-
 1 file changed, 1 insertion(+), 1 deletion(-)
In file included from test.c:5:
arraylist.c: In function ‘clean’:
arraylist.c:90:11: error: assignment to ‘void **’ from ‘int’ makes pointer from integer without a cast [-Werror=int-conversion]
   90 |   l->data = 2;
      |           ^
cc1: all warnings being treated as errors
Compilation failed
cbd7401
Sat 01 Apr 2023 12:29:47 PM UTC: 
 arraylist.c | 2 +-
 1 file changed, 1 insertion(+), 1 deletion(-)
 tests:  8|2
total_score: 40/70
7c50322
Sat 01 Apr 2023 12:29:59 PM UTC: 
 arraylist.c | 4 ++--
 1 file changed, 2 insertions(+), 2 deletions(-)
 tests:  9|1
total_score: 50/70
8ce5e2f
Sat 01 Apr 2023 12:34:13 PM UTC: 
 arraylist.c | 10 +++++-----
 1 file changed, 5 insertions(+), 5 deletions(-)
In file included from test.c:5:
arraylist.c: In function ‘pop’:
arraylist.c:61:13: error: initialization of ‘int’ from ‘void *’ makes integer from pointer without a cast [-Werror=int-conversion]
   61 |   int aux = l->data[l->size-1];
      |             ^
arraylist.c:64:10: error: returning ‘int’ from a function with return type ‘void *’ makes pointer from integer without a cast [-Werror=int-conversion]
   64 |   return aux;
      |          ^~~
cc1: all warnings being treated as errors
Compilation failed
15130cd
Sat 01 Apr 2023 12:34:23 PM UTC: 
 arraylist.c | 2 +-
 1 file changed, 1 insertion(+), 1 deletion(-)
In file included from test.c:5:
arraylist.c: In function ‘pop’:
arraylist.c:61:8: error: variable or field ‘aux’ declared void
   61 |   void aux = l->data[l->size-1];
      |        ^~~
arraylist.c:61:14: error: initialization of ‘int’ from ‘void *’ makes integer from pointer without a cast [-Werror=int-conversion]
   61 |   void aux = l->data[l->size-1];
      |              ^
arraylist.c:64:10: error: returning ‘int’ from a function with return type ‘void *’ makes pointer from integer without a cast [-Werror=int-conversion]
   64 |   return aux;
      |          ^~~
cc1: all warnings being treated as errors
Compilation failed
b4dee56
Sat 01 Apr 2023 12:35:00 PM UTC: 
 arraylist.c | 10 ++++++----
 1 file changed, 6 insertions(+), 4 deletions(-)
 tests:  9|1
total_score: 50/70
e59cce1
Sat 01 Apr 2023 03:01:49 PM UTC: 
 arraylist.c | 23 ++++++++++++++---------
 1 file changed, 14 insertions(+), 9 deletions(-)
 tests:  0|0
e42ddfc
Sat 01 Apr 2023 03:03:04 PM UTC: 
 arraylist.c | 2 +-
 1 file changed, 1 insertion(+), 1 deletion(-)
 tests:  0|0
700ebaa
Sat 01 Apr 2023 03:03:24 PM UTC: 
 arraylist.c | 3 +--
 1 file changed, 1 insertion(+), 2 deletions(-)
 tests:  0|0
0dc240a
Sat 01 Apr 2023 03:03:54 PM UTC: 
 arraylist.c | 11 +----------
 1 file changed, 1 insertion(+), 10 deletions(-)
 tests:  0|0
e6f5471
Sat 01 Apr 2023 03:04:25 PM UTC: 
 arraylist.c | 2 +-
 1 file changed, 1 insertion(+), 1 deletion(-)
 tests:  0|0
28d45e7
Sat 01 Apr 2023 03:05:06 PM UTC: 
 arraylist.c | 6 +++---
 1 file changed, 3 insertions(+), 3 deletions(-)
 tests:  0|0
6595f27
Sat 01 Apr 2023 03:06:39 PM UTC: 
 arraylist.c | 5 +++--
 1 file changed, 3 insertions(+), 2 deletions(-)
 tests:  0|0
fe5879f
Sat 01 Apr 2023 03:07:01 PM UTC: 
 arraylist.c | 3 +--
 1 file changed, 1 insertion(+), 2 deletions(-)
 tests:  9|1
total_score: 50/70
fe9559f
Sat 01 Apr 2023 03:07:22 PM UTC: 
 arraylist.c | 4 ++--
 1 file changed, 2 insertions(+), 2 deletions(-)
 tests:  9|1
total_score: 50/70
cff4831
Sat 01 Apr 2023 03:07:52 PM UTC: 
 arraylist.c | 6 +++---
 1 file changed, 3 insertions(+), 3 deletions(-)
 tests:  9|1
total_score: 50/70
b5b8e2f
Sat 01 Apr 2023 03:08:19 PM UTC: 
 arraylist.c | 2 +-
 1 file changed, 1 insertion(+), 1 deletion(-)
In file included from test.c:5:
arraylist.c: In function ‘pop’:
arraylist.c:57:21: error: ‘ArrayList’ {aka ‘struct ArrayList’} has no member named ‘i’
   57 |   for(int z=i+1; z>l->i; z--)
      |                     ^~
Compilation failed
327bdf5
Sat 01 Apr 2023 03:08:29 PM UTC: 
 arraylist.c | 2 +-
 1 file changed, 1 insertion(+), 1 deletion(-)
 tests:  9|1
total_score: 50/70
9c11594
Sat 01 Apr 2023 03:10:10 PM UTC: 
 arraylist.c | 1 +
 1 file changed, 1 insertion(+)
 tests:  9|1
total_score: 50/70
70c1c51
